<?xml version="1.0" encoding="UTF-8" standalone="no"?><testsuite errors="1" failures="0" name="Verificar que se pueda agregar un producto a la pagina de floristeria" skipped="0" tests="1" time="0.33" timestamp="2023-10-26 05:34:04"><testcase name="Verificar que se pueda eliminar el carrito"><error message="No stage available - it looks like you haven't called the setTheStage() method before calling this one." type="net.serenitybdd.screenplay.actors.NoStageException">No stage available - it looks like you haven't called the setTheStage() method before calling this one.</error><system-err>No stage available - it looks like you haven't called the setTheStage() method before calling this one.&#13;
com.floristeria.stepDefinitions.EliminarCarritoDefinitions.queCamiloAgregueUnObjetoAlCarrido(EliminarCarritoDefinitions.java:13)&#13;
✽.que Camilo agregue un objeto al carrido(file:///C:/Users/camil/OneDrive/Escritorio/Todo%20QA/Prueba%20gemelo/Pruebatecnica/src/test/resources/features/eliminarCarrito.feature:7)&#13;
</system-err></testcase></testsuite>